<?xml version="1.0" encoding="UTF-8"?>
<!-- Generated by org.testng.reporters.JUnitXMLReporter -->
<testsuite hostname="Lenovo" ignored="1" name="Default test(failed)" tests="1" failures="1" timestamp="06 Feb 2020 09:55:39 GMT" time="0.127" errors="0">
  <testcase name="tc2" time="0.033" classname="rerun.org.NManual">
    <failure type="java.lang.AssertionError" message="expected [true] but found [false]">
      <![CDATA[java.lang.AssertionError: expected [true] but found [false]
at rerun.org.NManual.tc2(NManual.java:17)
... Removed 29 stack frames]]>
    </failure>
  </testcase> <!-- tc2 -->
  <testcase name="tc1" time="0.0" classname="rerun.org.NManual">
    <ignored/>
  </testcase> <!-- tc1 -->
</testsuite> <!-- Default test(failed) -->
