<?xml version="1.0" encoding="UTF-8"?>
<!-- Generated by org.testng.reporters.JUnitXMLReporter -->
<testsuite hostname="Lenovo" ignored="0" name="Test" tests="12" failures="1" timestamp="06 Feb 2020 11:38:42 GMT" time="0.22" errors="0">
  <testcase name="tc1" time="0.024" classname="rerun.org.A1"/>
  <testcase name="tc2" time="0.007" classname="rerun.org.A1">
    <skipped/>
  </testcase> <!-- tc2 -->
  <testcase name="tc2" time="0.004" classname="rerun.org.A1">
    <skipped/>
  </testcase> <!-- tc2 -->
  <testcase name="tc2" time="0.004" classname="rerun.org.A1">
    <skipped/>
  </testcase> <!-- tc2 -->
  <testcase name="tc2" time="0.005" classname="rerun.org.A1">
    <skipped/>
  </testcase> <!-- tc2 -->
  <testcase name="tc2" time="0.004" classname="rerun.org.A1">
    <skipped/>
  </testcase> <!-- tc2 -->
  <testcase name="tc2" time="0.002" classname="rerun.org.A1">
    <skipped/>
  </testcase> <!-- tc2 -->
  <testcase name="tc2" time="0.003" classname="rerun.org.A1">
    <skipped/>
  </testcase> <!-- tc2 -->
  <testcase name="tc2" time="0.004" classname="rerun.org.A1">
    <skipped/>
  </testcase> <!-- tc2 -->
  <testcase name="tc2" time="0.001" classname="rerun.org.A1">
    <skipped/>
  </testcase> <!-- tc2 -->
  <testcase name="tc2" time="0.003" classname="rerun.org.A1">
    <skipped/>
  </testcase> <!-- tc2 -->
  <testcase name="tc2" time="0.003" classname="rerun.org.A1">
    <failure type="java.lang.AssertionError" message="expected [true] but found [false]">
      <![CDATA[java.lang.AssertionError: expected [true] but found [false]
at rerun.org.A1.tc2(A1.java:17)
... Removed 29 stack frames]]>
    </failure>
  </testcase> <!-- tc2 -->
</testsuite> <!-- Test -->
